[2025-07-19 14:13:36] LOCKOUT_CHECK_ERROR: Error checking lockout status for L2025001: 'int' object is not subscriptable
[2025-07-19 14:13:36] USER_LOOKUP_ERROR: Error getting user by username/email L2025001: 'int' object is not subscriptable
[2025-07-19 14:13:36] ACTIVITY_LOG_ERROR: Error logging activity for user L2025001: 'DatabaseService' object has no attribute 'execute_update'
[2025-07-19 14:14:08] LOCKOUT_CHECK_ERROR: Error checking lockout status for L2025001: 'int' object is not subscriptable
[2025-07-19 14:14:08] USER_LOOKUP_ERROR: Error getting user by username/email L2025001: 'int' object is not subscriptable
[2025-07-19 14:14:08] ACTIVITY_LOG_ERROR: Error logging activity for user L2025001: 'DatabaseService' object has no attribute 'execute_update'
[2025-07-19 14:14:41] LOCKOUT_CHECK_ERROR: Error checking lockout status for L2025001: 'int' object is not subscriptable
[2025-07-19 14:14:41] USER_LOOKUP_ERROR: Error getting user by username/email L2025001: 'int' object is not subscriptable
[2025-07-19 14:14:41] ACTIVITY_LOG_ERROR: Error logging activity for user L2025001: 'DatabaseService' object has no attribute 'execute_update'
[2025-07-19 14:26:58] LOCKOUT_CHECK_ERROR: Error checking lockout status for L2025001: 'int' object is not subscriptable
[2025-07-19 14:26:58] USER_LOOKUP_ERROR: Error getting user by username/email L2025001: 'int' object is not subscriptable
[2025-07-19 14:27:27] LOCKOUT_CHECK_ERROR: Error checking lockout status for L2025001: 'int' object is not subscriptable
[2025-07-19 14:27:27] USER_LOOKUP_ERROR: Error getting user by username/email L2025001: 'int' object is not subscriptable
[2025-07-19 14:32:45] LOCKOUT_CHECK_ERROR: Error checking lockout status for L2025001: 'int' object is not subscriptable
[2025-07-19 14:32:45] USER_LOOKUP_ERROR: Error getting user by username/email L2025001: 'int' object is not subscriptable
[2025-07-19 14:32:51] LOCKOUT_CHECK_ERROR: Error checking lockout status for L2025001: 'int' object is not subscriptable
[2025-07-19 14:32:51] USER_LOOKUP_ERROR: Error getting user by username/email L2025001: 'int' object is not subscriptable
[2025-07-19 14:34:28] LOCKOUT_CHECK_ERROR: Error checking lockout status for L2025001: 'int' object is not subscriptable
[2025-07-19 14:34:28] USER_LOOKUP_ERROR: Error getting user by username/email L2025001: 'int' object is not subscriptable
[2025-07-19 14:38:19] LOCKOUT_CHECK_ERROR: Error checking lockout status for L2025001: 'int' object is not subscriptable
[2025-07-19 14:38:19] USER_LOOKUP_ERROR: Error getting user by username/email L2025001: 'int' object is not subscriptable
[2025-07-19 14:43:20] LOCKOUT_CHECK_ERROR: Error checking lockout status for sherry87@example.net: 'int' object is not subscriptable
[2025-07-19 14:43:20] USER_LOOKUP_ERROR: Error getting user by username/email sherry87@example.net: 'int' object is not subscriptable
[2025-07-19 14:43:36] LOCKOUT_CHECK_ERROR: Error checking lockout status for sherry87@example.net: 'int' object is not subscriptable
[2025-07-19 14:43:36] USER_LOOKUP_ERROR: Error getting user by username/email sherry87@example.net: 'int' object is not subscriptable
[2025-07-19 14:52:03] LOCKOUT_CHECK_ERROR: Error checking lockout status for L2025001: 'int' object is not subscriptable
[2025-07-19 14:52:03] USER_LOOKUP_ERROR: Error getting user by username/email L2025001: 'int' object is not subscriptable
[2025-07-20 15:24:29] LOCKOUT_CHECK_ERROR: Error checking lockout status for L2025001: 'int' object is not subscriptable
[2025-07-20 15:24:29] USER_LOOKUP_ERROR: Error getting user by username/email L2025001: 'int' object is not subscriptable
[2025-07-20 19:16:49] LOCKOUT_CHECK_ERROR: Error checking lockout status for L2025001: 'int' object is not subscriptable
[2025-07-20 19:16:49] USER_LOOKUP_ERROR: Error getting user by username/email L2025001: 'int' object is not subscriptable
[2025-07-20 19:27:36] LOCKOUT_CHECK_ERROR: Error checking lockout status for L2025001: 'int' object is not subscriptable
[2025-07-20 19:27:36] USER_LOOKUP_ERROR: Error getting user by username/email L2025001: 'int' object is not subscriptable
[2025-07-20 19:38:50] LOCKOUT_CHECK_ERROR: Error checking lockout status for L2025001: 'int' object is not subscriptable
[2025-07-20 19:38:50] USER_LOOKUP_ERROR: Error getting user by username/email L2025001: 'int' object is not subscriptable
[2025-07-20 19:39:07] LOCKOUT_CHECK_ERROR: Error checking lockout status for L2025001: 'int' object is not subscriptable
[2025-07-20 19:39:07] USER_LOOKUP_ERROR: Error getting user by username/email L2025001: 'int' object is not subscriptable
[2025-07-20 20:09:11] LOCKOUT_CHECK_ERROR: Error checking lockout status for sherry87@example.net: 'int' object is not subscriptable
[2025-07-20 20:09:12] USER_LOOKUP_ERROR: Error getting user by username/email sherry87@example.net: 'int' object is not subscriptable
[2025-07-20 20:09:23] LOCKOUT_CHECK_ERROR: Error checking lockout status for sherry87@example.net: 'int' object is not subscriptable
[2025-07-20 20:09:23] USER_LOOKUP_ERROR: Error getting user by username/email sherry87@example.net: 'int' object is not subscriptable
[2025-07-20 20:10:04] LOCKOUT_CHECK_ERROR: Error checking lockout status for sherry87@example.net: 'int' object is not subscriptable
[2025-07-20 20:10:04] USER_LOOKUP_ERROR: Error getting user by username/email sherry87@example.net: 'int' object is not subscriptable
[2025-07-21 09:23:05] LOCKOUT_CHECK_ERROR: Error checking lockout status for L2025001: 'int' object is not subscriptable
[2025-07-21 09:23:05] USER_LOOKUP_ERROR: Error getting user by username/email L2025001: 'int' object is not subscriptable
[2025-07-21 09:30:14] LOCKOUT_CHECK_ERROR: Error checking lockout status for L2025001: 'int' object is not subscriptable
[2025-07-21 09:33:31] LOCKOUT_CHECK_ERROR: Error checking lockout status for L2025001: 'int' object is not subscriptable
[2025-07-21 09:59:03] LOCKOUT_CHECK_ERROR: Error checking lockout status for L2025002: 'int' object is not subscriptable
[2025-07-21 10:14:35] LOCKOUT_CHECK_ERROR: Error checking lockout status for L2025003: 'int' object is not subscriptable
[2025-07-21 10:42:35] USER_BY_ID_ERROR: Error getting user by ID L2025003: 'int' object is not subscriptable
[2025-07-21 10:42:56] LOCKOUT_CHECK_ERROR: Error checking lockout status for L2025003: 'int' object is not subscriptable
[2025-07-21 10:43:18] LOCKOUT_CHECK_ERROR: Error checking lockout status for L2025004: 'int' object is not subscriptable
[2025-07-21 10:43:32] LOCKOUT_CHECK_ERROR: Error checking lockout status for L2025004: 'int' object is not subscriptable
[2025-07-21 10:45:48] LOCKOUT_CHECK_ERROR: Error checking lockout status for L2025005: 'int' object is not subscriptable
[2025-07-21 10:45:49] USER_BY_ID_ERROR: Error getting user by ID L2025005: 'int' object is not subscriptable
[2025-07-21 10:59:01] LOCKOUT_CHECK_ERROR: Error checking lockout status for L2025006: 'int' object is not subscriptable
[2025-07-21 10:59:07] ACTIVITY_LOG_ERROR: Error logging activity for user L2025006: database is locked
[2025-07-21 10:59:12] LAST_LOGIN_UPDATE_ERROR: Error updating last login for user L2025006: database is locked
[2025-07-21 10:59:18] ACTIVITY_LOG_ERROR: Error logging activity for user L2025006: database is locked
[2025-07-21 10:59:18] USER_BY_ID_ERROR: Error getting user by ID L2025006: 'int' object is not subscriptable
[2025-07-21 11:00:17] LOCKOUT_CHECK_ERROR: Error checking lockout status for L2025005: 'int' object is not subscriptable
[2025-07-21 11:04:35] LOCKOUT_CHECK_ERROR: Error checking lockout status for L2025001: 'int' object is not subscriptable
[2025-07-21 11:04:35] USER_BY_ID_ERROR: Error getting user by ID L2025001: 'int' object is not subscriptable
[2025-07-21 12:34:04] LOCKOUT_CHECK_ERROR: Error checking lockout status for L2025001: 'int' object is not subscriptable
[2025-07-21 12:35:26] LOCKOUT_CHECK_ERROR: Error checking lockout status for L2025002: 'int' object is not subscriptable
[2025-07-21 12:39:15] LOCKOUT_CHECK_ERROR: Error checking lockout status for L2025002: 'int' object is not subscriptable
[2025-07-21 12:58:42] LOCKOUT_CHECK_ERROR: Error checking lockout status for L2025006: 'int' object is not subscriptable
[2025-07-21 13:28:41] LOCKOUT_CHECK_ERROR: Error checking lockout status for L2025005: 'int' object is not subscriptable
[2025-07-21 14:02:06] LOCKOUT_CHECK_ERROR: Error checking lockout status for L2025001: 'int' object is not subscriptable
[2025-07-21 14:02:26] LOCKOUT_CHECK_ERROR: Error checking lockout status for L2025002: 'int' object is not subscriptable
[2025-07-22 09:52:28] LOCKOUT_CHECK_ERROR: Error checking lockout status for L2025002: 'int' object is not subscriptable
[2025-07-23 09:10:30] LOCKOUT_CHECK_ERROR: Error checking lockout status for L2025002: 'int' object is not subscriptable
[2025-07-23 09:11:55] LOCKOUT_CHECK_ERROR: Error checking lockout status for L2025006: 'int' object is not subscriptable
[2025-07-23 09:14:14] LOCKOUT_CHECK_ERROR: Error checking lockout status for L2025008: 'int' object is not subscriptable
[2025-07-23 09:14:30] LOCKOUT_CHECK_ERROR: Error checking lockout status for L2025008: 'int' object is not subscriptable
[2025-07-23 09:15:41] LOCKOUT_CHECK_ERROR: Error checking lockout status for L2025008: 'int' object is not subscriptable
[2025-07-23 09:24:52] LOCKOUT_CHECK_ERROR: Error checking lockout status for L2025002: 'int' object is not subscriptable
[2025-07-24 21:02:39] LOCKOUT_CHECK_ERROR: Error checking lockout status for L2025002: 'int' object is not subscriptable
[2025-07-24 21:03:46] LOCKOUT_CHECK_ERROR: Error checking lockout status for L2025002: 'int' object is not subscriptable
[2025-07-24 21:16:21] LOCKOUT_CHECK_ERROR: Error checking lockout status for L2025002: 'int' object is not subscriptable
[2025-07-29 10:39:39] LOCKOUT_CHECK_ERROR: Error checking lockout status for L2025002: 'int' object is not subscriptable
[2025-07-29 10:50:52] LOCKOUT_CHECK_ERROR: Error checking lockout status for L2025002: 'int' object is not subscriptable
[2025-07-29 16:43:23] LOCKOUT_CHECK_ERROR: Error checking lockout status for L2025002: 'int' object is not subscriptable
[2025-07-29 18:43:24] LOCKOUT_CHECK_ERROR: Error checking lockout status for L2025002: 'int' object is not subscriptable
[2025-07-29 18:48:51] LOCKOUT_CHECK_ERROR: Error checking lockout status for L2025002: 'int' object is not subscriptable
[2025-07-29 18:49:41] LOCKOUT_CHECK_ERROR: Error checking lockout status for L2025006: 'int' object is not subscriptable
[2025-07-29 18:49:53] LOCKOUT_CHECK_ERROR: Error checking lockout status for L2025006: 'int' object is not subscriptable
[2025-07-29 19:39:25] LOCKOUT_CHECK_ERROR: Error checking lockout status for L2025006: 'int' object is not subscriptable
[2025-07-29 19:40:09] LOCKOUT_CHECK_ERROR: Error checking lockout status for L2025006: 'int' object is not subscriptable
[2025-07-29 19:42:30] LOCKOUT_CHECK_ERROR: Error checking lockout status for L2025006: 'int' object is not subscriptable
[2025-07-29 19:48:41] LOCKOUT_CHECK_ERROR: Error checking lockout status for L2025006: 'int' object is not subscriptable
[2025-07-30 09:19:48] LOCKOUT_CHECK_ERROR: Error checking lockout status for L2025002: 'int' object is not subscriptable
[2025-07-30 09:22:49] LOCKOUT_CHECK_ERROR: Error checking lockout status for L2025002: 'int' object is not subscriptable
[2025-07-30 09:27:53] LOCKOUT_CHECK_ERROR: Error checking lockout status for L2025006: 'int' object is not subscriptable
[2025-07-30 09:32:12] LOCKOUT_CHECK_ERROR: Error checking lockout status for L2025016: 'int' object is not subscriptable
[2025-07-30 09:32:23] LOCKOUT_CHECK_ERROR: Error checking lockout status for L2025016: 'int' object is not subscriptable
[2025-07-30 09:32:37] LOCKOUT_CHECK_ERROR: Error checking lockout status for L2025016: 'int' object is not subscriptable
[2025-07-30 09:33:31] LOCKOUT_CHECK_ERROR: Error checking lockout status for L2025016: 'int' object is not subscriptable
[2025-07-30 09:35:26] LOCKOUT_CHECK_ERROR: Error checking lockout status for L2025014: 'int' object is not subscriptable
[2025-07-30 09:35:32] ACTIVITY_LOG_ERROR: Error logging activity for user L2025014: database is locked
[2025-07-30 09:35:37] LAST_LOGIN_UPDATE_ERROR: Error updating last login for user L2025014: database is locked
[2025-07-30 09:35:43] ACTIVITY_LOG_ERROR: Error logging activity for user L2025014: database is locked
[2025-07-30 09:37:15] PASSWORD_CHANGE_ERROR: Password change error for user L2025014: database is locked
[2025-07-30 09:38:05] PASSWORD_CHANGE_ERROR: Password change error for user L2025014: database is locked
[2025-07-30 09:39:31] LOCKOUT_CHECK_ERROR: Error checking lockout status for L2025014: 'int' object is not subscriptable
[2025-07-30 20:21:34] LOCKOUT_CHECK_ERROR: Error checking lockout status for L2025016: 'int' object is not subscriptable
[2025-07-30 20:22:01] LOCKOUT_CHECK_ERROR: Error checking lockout status for L2025016: 'int' object is not subscriptable
[2025-07-30 20:22:11] LOCKOUT_CHECK_ERROR: Error checking lockout status for L2025016: 'int' object is not subscriptable
[2025-07-30 20:27:13] LOCKOUT_CHECK_ERROR: Error checking lockout status for L2025017: 'int' object is not subscriptable
[2025-07-30 20:28:05] LOCKOUT_CHECK_ERROR: Error checking lockout status for L2025016: 'int' object is not subscriptable
[2025-07-30 20:29:05] LOCKOUT_CHECK_ERROR: Error checking lockout status for L2025016: 'int' object is not subscriptable
